14:23:52 **** Clean-only build of configuration Default for project ndk3 ****
"E:\\BaiduYunDownload\\android-ndk-r9d\\ndk-build.cmd" clean 
[armeabi] Clean          : stdc++ [armeabi]
[armeabi] Clean          : tangsilian [armeabi]

14:23:53 Build Finished (took 937ms)

14:26:56 **** Build of configuration Default for project tuokeji ****
"E:\\BaiduYunDownload\\android-ndk-r9d\\ndk-build.cmd" all 
Android NDK: WARNING: APP_PLATFORM android-19 is larger than android:minSdkVersion 12 in ./AndroidManifest.xml    
[armeabi] Install        : libDumpDex.cy.so => libs/armeabi/libDumpDex.cy.so
11:36:48 **** Build of configuration Default for project tuokeji ****
"E:\\BaiduYunDownload\\android-ndk-r9d\\ndk-build.cmd" all 
Android NDK: WARNING: APP_PLATFORM android-19 is larger than android:minSdkVersion 12 in ./AndroidManifest.xml    
[armeabi] Install        : libDumpDex.cy.so => libs/armeabi/libDumpDex.cy.so
11:01:08 **** Build of configuration Default for project tuokeji ****
"E:\\BaiduYunDownload\\android-ndk-r9d\\ndk-build.cmd" all 
Android NDK: WARNING: APP_PLATFORM android-19 is larger than android:minSdkVersion 12 in ./AndroidManifest.xml    
[armeabi] Install        : libDumpDex.cy.so => libs/armeabi/libDumpDex.cy.so
20:17:03 **** Build of configuration Default for project tuokeji ****
"E:\\BaiduYunDownload\\android-ndk-r9d\\ndk-build.cmd" all 
Android NDK: WARNING: APP_PLATFORM android-19 is larger than android:minSdkVersion 12 in ./AndroidManifest.xml    
[armeabi] Install        : libDumpDex.cy.so => libs/armeabi/libDumpDex.cy.so
11:43:22 **** Build of configuration Default for project tuokeji ****
"E:\\BaiduYunDownload\\android-ndk-r9d\\ndk-build.cmd" all 
Android NDK: WARNING: APP_PLATFORM android-19 is larger than android:minSdkVersion 12 in ./AndroidManifest.xml    
[armeabi] Install        : libDumpDex.cy.so => libs/armeabi/libDumpDex.cy.so
11:57:06 **** Build of configuration Default for project tuokeji ****
"E:\\BaiduYunDownload\\android-ndk-r9d\\ndk-build.cmd" all 
Android NDK: WARNING: APP_PLATFORM android-19 is larger than android:minSdkVersion 12 in ./AndroidManifest.xml    
[armeabi] Install        : libDumpDex.cy.so => libs/armeabi/libDumpDex.cy.so
